<?xml version="1.0" encoding="UTF-8"?>
<!-- Generated by org.testng.reporters.JUnitReportReporter -->
<testsuite skipped="0" hostname="LAPTOP-84BVRIE1" name="com.business.tests.RunnerTest" tests="5" failures="0" timestamp="2020-04-24T16:27:04 IST" time="92.430" errors="0">
  <testcase name="newToursValidation" time="27.144" classname="com.business.tests.RunnerTest"/>
  <testcase name="webTableTextExtractAndDateValidation" time="14.973" classname="com.business.tests.RunnerTest"/>
  <testcase name="alertvalidation" time="19.111" classname="com.business.tests.RunnerTest"/>
  <testcase name="googlePageOperations" time="14.144" classname="com.business.tests.RunnerTest"/>
  <testcase name="validateGoogleTermsService" time="17.058" classname="com.business.tests.RunnerTest"/>
</testsuite> <!-- com.business.tests.RunnerTest -->
